Initializing algorithm.


Starting outer iteration sequence 1 of 3.
	finished outer iter 10 of 100.
	finished outer iter 20 of 100.
	finished outer iter 30 of 100.
	finished outer iter 40 of 100.
	finished outer iter 50 of 100.
	finished outer iter 60 of 100.
	finished outer iter 70 of 100.
	finished outer iter 80 of 100.
	finished outer iter 90 of 100.
	finished outer iter 100 of 100.

[
    5.808109530709945,
    4.578612129708475,
    3.432359095411261,
    2.3338123098602166,
    3.041097887514785,
    1.5638986637418644,
    4.693573176109009,
    0.8957490199739697,
    4.672362672171955,
    5.55442109674772,
    2.0099469411424606,
    3.2398850452202637,
    1.6660074183141034,
    2.6025006505347945,
    3.7290680395196154,
    2.455891881672925,
    1.7927852278582432,
    3.0915515136773077,
    2.7829416422771245,
    5.860878789419921,
    4.8832552123528625,
    3.7754667540462554,
    1.9847545004353233,
    2.9441900835491133,
    3.3383886902640554,
    10.60078050062707,
    1.9351771555453148,
    1.3073931663129204,
    1.3521361844497293,
    3.5324819834764214,
    5.18654609323039,
    3.6128372015744796,
    3.824798125763506,
    2.708222656251577,
    4.475659236632851,
    3.0450823141628236,
    2.8107959859039275,
    4.277666420971434,
    5.0234176239304045,
    4.2983964326386,
    1.7085124772148021,
    3.6673434492265216,
    3.2122665960504606,
    4.252105455374453,
    3.1495724588798133,
    2.0434278888043176,
    4.3627384518117704,
    3.4821395866293168,
    6.0926388123008355,
    1.8581133429102743,
    3.51497777278584,
    2.146936614543944,
    2.4480066951295165,
    2.745955163938773,
    4.063058899954401,
    4.234660157297386,
    1.6626995917661218,
    3.330685853691461,
    3.895649266273593,
    1.0843490561897204,
    6.4377001557866915,
    2.888298614981445,
    2.235769115513386,
    5.137647619215175,
    3.5305091209169817,
    1.0799713854237145,
    2.0346838936539,
    2.3302463058610057,
    4.428756312710583,
    1.240792912180407,
    1.8729220316255426,
    2.6425269651272183,
    5.208353895681075,
    2.5801958964057206,
    4.599569200392114,
    2.1886318061701937,
    3.2368920942840247,
    3.5511660613074243,
    2.4783416917190015,
    4.739042462380357,
    5.827145489490677,
    2.300117562014497,
    4.576341407517829,
    6.61059083359075,
    5.250334807219739,
    2.7075321509622023,
    3.26613709548628,
    5.548832077642086,
    3.1432912704588873,
    4.478052019031005,
    2.360640936637489,
    4.456848455569237,
    3.839863569015347,
    3.296822666657163,
    3.0841969380634953,
    3.996397054007639,
    2.0474661886451058,
    2.563920148299572,
    4.012240819847934,
    1.2483530794147364
]

Starting outer iteration sequence 2 of 3.
	finished outer iter 10 of 100.
	finished outer iter 20 of 100.
	finished outer iter 30 of 100.
	finished outer iter 40 of 100.
	finished outer iter 50 of 100.
	finished outer iter 60 of 100.
	finished outer iter 70 of 100.
	finished outer iter 80 of 100.
	finished outer iter 90 of 100.
	finished outer iter 100 of 100.

[
    5.833695912458089,
    7.483347352327908,
    8.871470416631727,
    4.3299148513838945,
    5.475018413735318,
    6.2090577451565405,
    5.369592452523769,
    7.129803986233735,
    7.87846037886211,
    6.22669946656846,
    5.620882762242355,
    6.495664447601733,
    5.291302560522776,
    10.829863421126841,
    4.704866630759581,
    4.740274870107021,
    7.844695478762901,
    6.536882166923479,
    3.2962411322991025,
    4.677985314351405,
    3.6592933342328515,
    5.221027291637854,
    6.85179571748223,
    7.013839403319215,
    5.21209986093214,
    8.046064664889583,
    5.75604528606306,
    4.086630133093375,
    8.651131506615446,
    6.83707885896956,
    7.319812551470048,
    8.25295058951001,
    6.46364570713107,
    5.874897827988326,
    6.270954148232905,
    7.014513647473327,
    4.351704074623436,
    6.455106371842319,
    7.19364021551001,
    6.5511220607045955,
    6.0524537211139116,
    6.772518262131179,
    7.949918913766561,
    5.04868807436813,
    5.594408742537698,
    7.064614498596835,
    8.59452795174847,
    4.892977677193431,
    5.380926102783979,
    7.2730121357400535,
    6.763677355978734,
    8.61955701779309,
    8.42522534983829,
    6.820982425337613,
    8.544509864122185,
    4.275249802852181,
    6.053152765107656,
    7.239109852583813,
    10.902852504123377,
    6.448067765836635,
    6.004588854736511,
    5.8918908370440555,
    5.433915301012795,
    4.965363516427055,
    4.79462298403096,
    6.561183022614614,
    6.479025820671031,
    5.219761369372624,
    6.186513868476917,
    7.7807095734971865,
    7.143330327947875,
    4.627826124051067,
    6.848913147788274,
    5.692783324411582,
    5.6598770707852815,
    6.777065702443208,
    3.712589462835998,
    4.803106821608929,
    4.323220672736708,
    8.019266299340874,
    6.636767004708281,
    9.479185543847807,
    9.391819795421808,
    6.569201449009064,
    8.107871589788237,
    3.2924466280518727,
    5.672076709669279,
    7.728741785708863,
    5.878054909578987,
    7.012103626988029,
    8.380733189304392,
    10.316411609481735,
    4.7165715770987955,
    5.64137021417701,
    6.75625950534769,
    7.501296068766439,
    4.0119598548840765,
    5.723689066254357,
    6.830725438511623,
    5.1301159224274056
]

Starting outer iteration sequence 3 of 3.
	finished outer iter 10 of 100.
	finished outer iter 20 of 100.
	finished outer iter 30 of 100.
	finished outer iter 40 of 100.
	finished outer iter 50 of 100.
	finished outer iter 60 of 100.
	finished outer iter 70 of 100.
	finished outer iter 80 of 100.
	finished outer iter 90 of 100.
	finished outer iter 100 of 100.

[
    15.005432728887484,
    6.971291791181889,
    10.918906480500311,
    10.840310425488191,
    7.946692375762844,
    10.691680693055588,
    8.973947937690768,
    9.943662060580253,
    6.8224815676865065,
    9.419146838055726,
    9.85893943962049,
    7.410138898280202,
    10.501864655576293,
    14.118912675616164,
    8.221411936791649,
    11.955373661101373,
    9.775562782574742,
    8.34611508949356,
    11.535059823172505,
    8.957985264752352,
    9.61335073138025,
    9.685244062467849,
    11.149248601886095,
    10.192620061436559,
    11.630917991596178,
    7.553457104005207,
    9.697576957642237,
    7.2549582518524005,
    12.60254108043593,
    7.881784148402912,
    11.875260144477242,
    9.154069008836547,
    6.644855098426456,
    9.742302534893003,
    8.667349704369148,
    10.969021505869541,
    11.306454474003289,
    10.52929195711291,
    12.340745229924918,
    8.394355757624021,
    9.235067760701089,
    11.137830779878797,
    8.9874208259093,
    9.507079599257821,
    9.502998112842917,
    8.222773411570328,
    7.692003763671893,
    8.181961441379135,
    11.172088281360626,
    8.879326462508178,
    9.591458754408606,
    9.26477404738329,
    10.079769765820656,
    5.489415787529559,
    10.080903847353524,
    9.229038993830644,
    9.386230922400403,
    10.964721957717234,
    10.410586115764952,
    12.882094820074894,
    8.27937172943323,
    13.182793598001302,
    8.974109528408297,
    8.272472348477736,
    9.599993778662109,
    9.057080229017684,
    10.408388678685169,
    10.206539606239787,
    10.095528108794971,
    11.223731533636224,
    8.933082701444395,
    11.708993877051704,
    11.70634596613333,
    11.310383321493479,
    8.88612959044806,
    10.017456300900175,
    8.729637713767076,
    8.874834528369927,
    10.971495708814206,
    7.755540961662932,
    11.323847738110597,
    8.640075160464955,
    11.161251924769093,
    12.304022714134877,
    9.722273247975734,
    9.001597866385133,
    10.382943582353477,
    9.619309980650234,
    6.711589417816585,
    8.408574647601874,
    11.321910053865823,
    9.517231637538295,
    8.253688953711327,
    7.3799598971263665,
    9.789387882954612,
    6.844173103503726,
    12.982917311332383,
    9.17184111275089,
    9.120984341622554,
    5.0270343187343824
]
Runs complete. Saving dict to json...complete!
